#
# A fatal error has been detected by the Java Runtime Environment:
#
#  Internal Error (classFileParser.cpp:3494), pid=29055, tid=140567949117184
#  Error: ShouldNotReachHere()
#
# JRE version: 6.0_45-b06
# Java VM: Java HotSpot(TM) 64-Bit Server VM (20.45-b01 mixed mode linux-amd64 compressed oops)
# If you would like to submit a bug report, please visit:
#   http://java.sun.com/webapps/bugreport/crash.jsp
#

---------------  T H R E A D  ---------------

Current thread (0x00007fd880007800):  JavaThread "Unknown thread" [_thread_in_vm, id=29063, stack(0x00007fd8869c8000,0x00007fd886ac9000)]

Stack: [0x00007fd8869c8000,0x00007fd886ac9000],  sp=0x00007fd886ac7150,  free space=1020k
Native frames: (J=compiled Java code, j=interpreted, Vv=VM code, C=native code)
V  [libjvm.so+0x861e05]  VMError::report_and_die()+0x265
V  [libjvm.so+0x3e5ed6]  report_should_not_reach_here(char const*, int)+0x46
V  [libjvm.so+0x36f26b]  ClassFileParser::parseClassFile(symbolHandle, Handle, Handle, KlassHandle, GrowableArray<Handle>*, symbolHandle&, bool, Thread*)+0x2b8b
V  [libjvm.so+0x3756ff]  ClassLoader::load_classfile(symbolHandle, Thread*)+0x22f
V  [libjvm.so+0x7eebff]  SystemDictionary::load_instance_class(symbolHandle, Handle, Thread*)+0xef
V  [libjvm.so+0x7ecbe5]  SystemDictionary::resolve_instance_class_or_null(symbolHandle, Handle, Handle, Thread*)+0x575
V  [libjvm.so+0x7eb971]  SystemDictionary::resolve_or_null(symbolHandle, Handle, Handle, Thread*)+0x81
V  [libjvm.so+0x7eb584]  SystemDictionary::resolve_or_fail(symbolHandle, Handle, Handle, bool, Thread*)+0x34
V  [libjvm.so+0x7f0400]  SystemDictionary::initialize_wk_klass(SystemDictionary::WKID, int, Thread*)+0x70
V  [libjvm.so+0x7f0495]  SystemDictionary::initialize_wk_klasses_until(SystemDictionary::WKID, SystemDictionary::WKID&, Thread*)+0x45
V  [libjvm.so+0x7f0575]  SystemDictionary::initialize_preloaded_classes(Thread*)+0x75
V  [libjvm.so+0x7f0328]  SystemDictionary::initialize(Thread*)+0xd8
V  [libjvm.so+0x837cf8]  Universe::genesis(Thread*)+0x598
V  [libjvm.so+0x839c29]  universe2_init()+0x29
V  [libjvm.so+0x4ae42c]  init_globals()+0x8c
V  [libjvm.so+0x820014]  Threads::create_vm(JavaVMInitArgs*, bool*)+0x214
V  [libjvm.so+0x51c800]  JNI_CreateJavaVM+0x80


---------------  P R O C E S S  ---------------

Java Threads: ( => current thread )

Other Threads:

=>0x00007fd880007800 (exited) JavaThread "Unknown thread" [_thread_in_vm, id=29063, stack(0x00007fd8869c8000,0x00007fd886ac9000)]

VM state:not at safepoint (not fully initialized)

VM Mutex/Monitor currently owned by a thread: None

Dynamic libraries:
40000000-40009000 r-xp 00000000 08:03 4992830                            /usr/lib/jvm/java-6-oracle/bin/java
40108000-4010a000 rwxp 00008000 08:03 4992830                            /usr/lib/jvm/java-6-oracle/bin/java
41d7f000-41da0000 rwxp 00000000 00:00 0                                  [heap]
be400000-bf8c0000 rwxp 00000000 00:00 0 
bf8c0000-c3600000 rwxp 00000000 00:00 0 
c3600000-c5e70000 rwxp 00000000 00:00 0 
c5e70000-ebcb0000 rwxp 00000000 00:00 0 
ebcb0000-ed0e0000 rwxp 00000000 00:00 0 
ed0e0000-100000000 rwxp 00000000 00:00 0 
7fd870000000-7fd870021000 rwxp 00000000 00:00 0 
7fd870021000-7fd874000000 ---p 00000000 00:00 0 
7fd878000000-7fd878021000 rwxp 00000000 00:00 0 
7fd878021000-7fd87c000000 ---p 00000000 00:00 0 
7fd87d000000-7fd87d270000 rwxp 00000000 00:00 0 
7fd87d270000-7fd880089000 rwxp 00000000 00:00 0 
7fd880089000-7fd884000000 ---p 00000000 00:00 0 
7fd8855b5000-7fd88568c000 r-xs 013fe000 08:03 398419                     /home/jyang4/adt-bundle/sdk/platforms/android-19/android.jar
7fd88568c000-7fd8856b4000 rwxp 00000000 00:00 0 
7fd8856b4000-7fd8856b5000 ---p 00000000 00:00 0 
7fd8856b5000-7fd8857b5000 rwxp 00000000 00:00 0                          [stack:29065]
7fd8857b5000-7fd8857b6000 ---p 00000000 00:00 0 
7fd8857b6000-7fd8858c1000 rwxp 00000000 00:00 0                          [stack:29064]
7fd8858c1000-7fd8858df000 rwxp 00000000 00:00 0 
7fd8858df000-7fd8858f4000 rwxp 00000000 00:00 0 
7fd8858f4000-7fd885a23000 rwxp 00000000 00:00 0 
7fd885a23000-7fd885a2e000 rwxp 00000000 00:00 0 
7fd885a2e000-7fd885a4c000 rwxp 00000000 00:00 0 
7fd885a4c000-7fd885a61000 rwxp 00000000 00:00 0 
7fd885a61000-7fd885b8f000 rwxp 00000000 00:00 0 
7fd885b8f000-7fd885b9a000 rwxp 00000000 00:00 0 
7fd885b9a000-7fd885c31000 rwxp 00000000 00:00 0 
7fd885c31000-7fd885c32000 rwxp 00000000 00:00 0 
7fd885c32000-7fd885c40000 r-xp 00000000 08:03 7080114                    /usr/lib/jvm/java-6-oracle/jre/lib/amd64/libzip.so
7fd885c40000-7fd885d42000 ---p 0000e000 08:03 7080114                    /usr/lib/jvm/java-6-oracle/jre/lib/amd64/libzip.so
7fd885d42000-7fd885d45000 rwxp 00010000 08:03 7080114                    /usr/lib/jvm/java-6-oracle/jre/lib/amd64/libzip.so
7fd885d45000-7fd885d46000 rwxp 00000000 00:00 0 
7fd885d46000-7fd885d52000 r-xp 00000000 08:03 4587739                    /lib/x86_64-linux-gnu/libnss_files-2.15.so
7fd885d52000-7fd885f51000 ---p 0000c000 08:03 4587739                    /lib/x86_64-linux-gnu/libnss_files-2.15.so
7fd885f51000-7fd885f52000 r-xp 0000b000 08:03 4587739                    /lib/x86_64-linux-gnu/libnss_files-2.15.so
7fd885f52000-7fd885f53000 rwxp 0000c000 08:03 4587739                    /lib/x86_64-linux-gnu/libnss_files-2.15.so
7fd885f53000-7fd885f5d000 r-xp 00000000 08:03 4587743                    /lib/x86_64-linux-gnu/libnss_nis-2.15.so
7fd885f5d000-7fd88615d000 ---p 0000a000 08:03 4587743                    /lib/x86_64-linux-gnu/libnss_nis-2.15.so
7fd88615d000-7fd88615e000 r-xp 0000a000 08:03 4587743                    /lib/x86_64-linux-gnu/libnss_nis-2.15.so
7fd88615e000-7fd88615f000 rwxp 0000b000 08:03 4587743                    /lib/x86_64-linux-gnu/libnss_nis-2.15.so
7fd88615f000-7fd886167000 r-xp 00000000 08:03 4587737                    /lib/x86_64-linux-gnu/libnss_compat-2.15.so
7fd886167000-7fd886366000 ---p 00008000 08:03 4587737                    /lib/x86_64-linux-gnu/libnss_compat-2.15.so
7fd886366000-7fd886367000 r-xp 00007000 08:03 4587737                    /lib/x86_64-linux-gnu/libnss_compat-2.15.so
7fd886367000-7fd886368000 rwxp 00008000 08:03 4587737                    /lib/x86_64-linux-gnu/libnss_compat-2.15.so
7fd886368000-7fd88637f000 r-xp 00000000 08:03 4587755                    /lib/x86_64-linux-gnu/libnsl-2.15.so
7fd88637f000-7fd88657e000 ---p 00017000 08:03 4587755                    /lib/x86_64-linux-gnu/libnsl-2.15.so
7fd88657e000-7fd88657f000 r-xp 00016000 08:03 4587755                    /lib/x86_64-linux-gnu/libnsl-2.15.so
7fd88657f000-7fd886580000 rwxp 00017000 08:03 4587755                    /lib/x86_64-linux-gnu/libnsl-2.15.so
7fd886580000-7fd886582000 rwxp 00000000 00:00 0 
7fd886582000-7fd8865ab000 r-xp 00000000 08:03 7080120                    /usr/lib/jvm/java-6-oracle/jre/lib/amd64/libjava.so
7fd8865ab000-7fd8866aa000 ---p 00029000 08:03 7080120                    /usr/lib/jvm/java-6-oracle/jre/lib/amd64/libjava.so
7fd8866aa000-7fd8866b1000 rwxp 00028000 08:03 7080120                    /usr/lib/jvm/java-6-oracle/jre/lib/amd64/libjava.so
7fd8866b1000-7fd8866be000 r-xp 00000000 08:03 7080110                    /usr/lib/jvm/java-6-oracle/jre/lib/amd64/libverify.so
7fd8866be000-7fd8867bd000 ---p 0000d000 08:03 7080110                    /usr/lib/jvm/java-6-oracle/jre/lib/amd64/libverify.so
7fd8867bd000-7fd8867c0000 rwxp 0000c000 08:03 7080110                    /usr/lib/jvm/java-6-oracle/jre/lib/amd64/libverify.so
7fd8867c0000-7fd8867c7000 r-xp 00000000 08:03 4587742                    /lib/x86_64-linux-gnu/librt-2.15.so
7fd8867c7000-7fd8869c6000 ---p 00007000 08:03 4587742                    /lib/x86_64-linux-gnu/librt-2.15.so
7fd8869c6000-7fd8869c7000 r-xp 00006000 08:03 4587742                    /lib/x86_64-linux-gnu/librt-2.15.so
7fd8869c7000-7fd8869c8000 rwxp 00007000 08:03 4587742                    /lib/x86_64-linux-gnu/librt-2.15.so
7fd8869c8000-7fd8869cb000 ---p 00000000 00:00 0 
7fd8869cb000-7fd886ac9000 rwxp 00000000 00:00 0                          [stack:29063]
7fd886ac9000-7fd886bc4000 r-xp 00000000 08:03 4587746                    /lib/x86_64-linux-gnu/libm-2.15.so
7fd886bc4000-7fd886dc3000 ---p 000fb000 08:03 4587746                    /lib/x86_64-linux-gnu/libm-2.15.so
7fd886dc3000-7fd886dc4000 r-xp 000fa000 08:03 4587746                    /lib/x86_64-linux-gnu/libm-2.15.so
7fd886dc4000-7fd886dc5000 rwxp 000fb000 08:03 4587746                    /lib/x86_64-linux-gnu/libm-2.15.so
7fd886dc5000-7fd8876e3000 r-xp 00000000 08:03 7080087                    /usr/lib/jvm/java-6-oracle/jre/lib/amd64/server/libjvm.so
7fd8876e3000-7fd8877e5000 ---p 0091e000 08:03 7080087                    /usr/lib/jvm/java-6-oracle/jre/lib/amd64/server/libjvm.so
7fd8877e5000-7fd88799b000 rwxp 00920000 08:03 7080087                    /usr/lib/jvm/java-6-oracle/jre/lib/amd64/server/libjvm.so
7fd88799b000-7fd8879d5000 rwxp 00000000 00:00 0 
7fd8879d5000-7fd887b8a000 r-xp 00000000 08:03 4587735                    /lib/x86_64-linux-gnu/libc-2.15.so
7fd887b8a000-7fd887d8a000 ---p 001b5000 08:03 4587735                    /lib/x86_64-linux-gnu/libc-2.15.so
7fd887d8a000-7fd887d8e000 r-xp 001b5000 08:03 4587735                    /lib/x86_64-linux-gnu/libc-2.15.so
7fd887d8e000-7fd887d90000 rwxp 001b9000 08:03 4587735                    /lib/x86_64-linux-gnu/libc-2.15.so
7fd887d90000-7fd887d95000 rwxp 00000000 00:00 0 
7fd887d95000-7fd887d97000 r-xp 00000000 08:03 4587750                    /lib/x86_64-linux-gnu/libdl-2.15.so
7fd887d97000-7fd887f97000 ---p 00002000 08:03 4587750                    /lib/x86_64-linux-gnu/libdl-2.15.so
7fd887f97000-7fd887f98000 r-xp 00002000 08:03 4587750                    /lib/x86_64-linux-gnu/libdl-2.15.so
7fd887f98000-7fd887f99000 rwxp 00003000 08:03 4587750                    /lib/x86_64-linux-gnu/libdl-2.15.so
7fd887f99000-7fd887fb1000 r-xp 00000000 08:03 4587744                    /lib/x86_64-linux-gnu/libpthread-2.15.so
7fd887fb1000-7fd8881b0000 ---p 00018000 08:03 4587744                    /lib/x86_64-linux-gnu/libpthread-2.15.so
7fd8881b0000-7fd8881b1000 r-xp 00017000 08:03 4587744                    /lib/x86_64-linux-gnu/libpthread-2.15.so
7fd8881b1000-7fd8881b2000 rwxp 00018000 08:03 4587744                    /lib/x86_64-linux-gnu/libpthread-2.15.so
7fd8881b2000-7fd8881b6000 rwxp 00000000 00:00 0 
7fd8881b6000-7fd8881d8000 r-xp 00000000 08:03 4587747                    /lib/x86_64-linux-gnu/ld-2.15.so
7fd8881f3000-7fd8881fd000 rwxp 00000000 00:00 0 
7fd8881fd000-7fd8882b3000 rwxp 00000000 00:00 0 
7fd8882b3000-7fd8882b6000 rwxp 00000000 00:00 0 
7fd8882b6000-7fd8882bd000 r-xp 00000000 08:03 7080094                    /usr/lib/jvm/java-6-oracle/jre/lib/amd64/jli/libjli.so
7fd8882bd000-7fd8883be000 ---p 00007000 08:03 7080094                    /usr/lib/jvm/java-6-oracle/jre/lib/amd64/jli/libjli.so
7fd8883be000-7fd8883c0000 rwxp 00008000 08:03 7080094                    /usr/lib/jvm/java-6-oracle/jre/lib/amd64/jli/libjli.so
7fd8883c0000-7fd8883c1000 rwxp 00000000 00:00 0 
7fd8883cc000-7fd8883d4000 rwxs 00000000 08:03 2122098                    /tmp/hsperfdata_jyang4/29055
7fd8883d4000-7fd8883d5000 rwxp 00000000 00:00 0 
7fd8883d5000-7fd8883d6000 r-xp 00000000 00:00 0 
7fd8883d6000-7fd8883d8000 rwxp 00000000 00:00 0 
7fd8883d8000-7fd8883d9000 r-xp 00022000 08:03 4587747                    /lib/x86_64-linux-gnu/ld-2.15.so
7fd8883d9000-7fd8883db000 rwxp 00023000 08:03 4587747                    /lib/x86_64-linux-gnu/ld-2.15.so
7fff4a2bb000-7fff4a2dc000 rwxp 00000000 00:00 0                          [stack]
7fff4a31c000-7fff4a31d000 r-xp 00000000 00:00 0                          [vdso]
ffffffffff600000-ffffffffff601000 r-xp 00000000 00:00 0                  [vsyscall]

VM Arguments:
jvm_args: -Dfile.encoding=UTF-8 -Xbootclasspath:/home/jyang4/adt-bundle/sdk/platforms/android-19/android.jar 
java_command: com.example.emulator.EmulatorService
Launcher Type: SUN_STANDARD

Environment Variables:
PATH=/home/jyang4/bin:/usr/lib/lightdm/lightdm:/usr/local/sbin:/usr/local/bin:/usr/sbin:/usr/bin:/sbin:/bin:/usr/games
LD_LIBRARY_PATH=/usr/lib/jvm/java-6-oracle/jre/lib/amd64/server:/usr/lib/jvm/java-6-oracle/jre/lib/amd64:/usr/lib/jvm/java-6-oracle/jre/../lib/amd64
SHELL=/bin/bash
DISPLAY=:0

Signal Handlers:
SIGSEGV: [libjvm.so+0x862a30], sa_mask[0]=0x7ffbfeff, sa_flags=0x10000004
SIGBUS: [libjvm.so+0x862a30], sa_mask[0]=0x7ffbfeff, sa_flags=0x10000004
SIGFPE: [libjvm.so+0x7106f0], sa_mask[0]=0x7ffbfeff, sa_flags=0x10000004
SIGPIPE: [libjvm.so+0x7106f0], sa_mask[0]=0x7ffbfeff, sa_flags=0x10000004
SIGXFSZ: [libjvm.so+0x7106f0], sa_mask[0]=0x7ffbfeff, sa_flags=0x10000004
SIGILL: [libjvm.so+0x7106f0], sa_mask[0]=0x7ffbfeff, sa_flags=0x10000004
SIGUSR1: SIG_DFL, sa_mask[0]=0x00000000, sa_flags=0x00000000
SIGUSR2: [libjvm.so+0x713520], sa_mask[0]=0x00000004, sa_flags=0x10000004
SIGHUP: SIG_DFL, sa_mask[0]=0x00000000, sa_flags=0x00000000
SIGINT: SIG_DFL, sa_mask[0]=0x00000000, sa_flags=0x00000000
SIGTERM: SIG_DFL, sa_mask[0]=0x00000000, sa_flags=0x00000000
SIGQUIT: SIG_DFL, sa_mask[0]=0x00000000, sa_flags=0x00000000


---------------  S Y S T E M  ---------------

OS:wheezy/sid

uname:Linux 3.5.0-46-generic #70~precise1-Ubuntu SMP Thu Jan 9 23:55:12 UTC 2014 x86_64
libc:glibc 2.15 NPTL 2.15 
rlimit: STACK 8192k, CORE 0k, NPROC 30885, NOFILE 4096, AS infinity
load average:2.00 2.03 1.70

/proc/meminfo:
MemTotal:        3971976 kB
MemFree:         1003212 kB
Buffers:           10940 kB
Cached:           226120 kB
SwapCached:       149180 kB
Active:          1675672 kB
Inactive:         832052 kB
Active(anon):    1588572 kB
Inactive(anon):   693652 kB
Active(file):      87100 kB
Inactive(file):   138400 kB
Unevictable:           0 kB
Mlocked:               0 kB
SwapTotal:       7999484 kB
SwapFree:        6441036 kB
Dirty:               452 kB
Writeback:             0 kB
AnonPages:       2219800 kB
Mapped:            75140 kB
Shmem:             11480 kB
Slab:             109204 kB
SReclaimable:      69520 kB
SUnreclaim:        39684 kB
KernelStack:        4544 kB
PageTables:        41744 kB
NFS_Unstable:          0 kB
Bounce:                0 kB
WritebackTmp:          0 kB
CommitLimit:     9985472 kB
Committed_AS:    7151152 kB
VmallocTotal:   34359738367 kB
VmallocUsed:      132564 kB
VmallocChunk:   34359601083 kB
HardwareCorrupted:     0 kB
AnonHugePages:         0 kB
HugePages_Total:       0
HugePages_Free:        0
HugePages_Rsvd:        0
HugePages_Surp:        0
Hugepagesize:       2048 kB
DirectMap4k:     3322156 kB
DirectMap2M:      794624 kB


CPU:total 2 (2 cores per cpu, 1 threads per core) family 6 model 23 stepping 10, cmov, cx8, fxsr, mmx, sse, sse2, sse3, ssse3, sse4.1

/proc/cpuinfo:
processor	: 0
vendor_id	: GenuineIntel
cpu family	: 6
model		: 23
model name	: Intel(R) Core(TM)2 Duo CPU     P9700  @ 2.80GHz
stepping	: 10
microcode	: 0xa07
cpu MHz		: 1600.000
cache size	: 6144 KB
physical id	: 0
siblings	: 2
core id		: 0
cpu cores	: 2
apicid		: 0
initial apicid	: 0
fpu		: yes
fpu_exception	: yes
cpuid level	: 13
wp		: yes
flags		: fpu vme de pse tsc msr pae mce cx8 apic sep mtrr pge mca cmov pat pse36 clflush dts acpi mmx fxsr sse sse2 ss ht tm pbe syscall nx lm constant_tsc arch_perfmon pebs bts rep_good nopl aperfmperf pni dtes64 monitor ds_cpl vmx smx est tm2 ssse3 cx16 xtpr pdcm sse4_1 xsave lahf_lm ida dtherm tpr_shadow vnmi flexpriority
bogomips	: 5586.25
clflush size	: 64
cache_alignment	: 64
address sizes	: 36 bits physical, 48 bits virtual
power management:

processor	: 1
vendor_id	: GenuineIntel
cpu family	: 6
model		: 23
model name	: Intel(R) Core(TM)2 Duo CPU     P9700  @ 2.80GHz
stepping	: 10
microcode	: 0xa07
cpu MHz		: 1600.000
cache size	: 6144 KB
physical id	: 0
siblings	: 2
core id		: 1
cpu cores	: 2
apicid		: 1
initial apicid	: 1
fpu		: yes
fpu_exception	: yes
cpuid level	: 13
wp		: yes
flags		: fpu vme de pse tsc msr pae mce cx8 apic sep mtrr pge mca cmov pat pse36 clflush dts acpi mmx fxsr sse sse2 ss ht tm pbe syscall nx lm constant_tsc arch_perfmon pebs bts rep_good nopl aperfmperf pni dtes64 monitor ds_cpl vmx smx est tm2 ssse3 cx16 xtpr pdcm sse4_1 xsave lahf_lm ida dtherm tpr_shadow vnmi flexpriority
bogomips	: 5586.25
clflush size	: 64
cache_alignment	: 64
address sizes	: 36 bits physical, 48 bits virtual
power management:



Memory: 4k page, physical 3971976k(1003212k free), swap 7999484k(6441036k free)

vm_info: Java HotSpot(TM) 64-Bit Server VM (20.45-b01) for linux-amd64 JRE (1.6.0_45-b06), built on Mar 26 2013 14:07:02 by "java_re" with gcc 3.2.2 (SuSE Linux)

time: Mon Feb 24 21:36:54 2014
elapsed time: 0 seconds

