#
# A fatal error has been detected by the Java Runtime Environment:
#
#  Internal Error (classFileParser.cpp:3494), pid=16593, tid=139731482797824
#  Error: ShouldNotReachHere()
#
# JRE version: 6.0_45-b06
# Java VM: Java HotSpot(TM) 64-Bit Server VM (20.45-b01 mixed mode linux-amd64 compressed oops)
# If you would like to submit a bug report, please visit:
#   http://java.sun.com/webapps/bugreport/crash.jsp
#

---------------  T H R E A D  ---------------

Current thread (0x00007f15c0007800):  JavaThread "Unknown thread" [_thread_in_vm, id=16598, stack(0x00007f15c5556000,0x00007f15c5657000)]

Stack: [0x00007f15c5556000,0x00007f15c5657000],  sp=0x00007f15c5655150,  free space=1020k
Native frames: (J=compiled Java code, j=interpreted, Vv=VM code, C=native code)
V  [libjvm.so+0x861e05]  VMError::report_and_die()+0x265
V  [libjvm.so+0x3e5ed6]  report_should_not_reach_here(char const*, int)+0x46
V  [libjvm.so+0x36f26b]  ClassFileParser::parseClassFile(symbolHandle, Handle, Handle, KlassHandle, GrowableArray<Handle>*, symbolHandle&, bool, Thread*)+0x2b8b
V  [libjvm.so+0x3756ff]  ClassLoader::load_classfile(symbolHandle, Thread*)+0x22f
V  [libjvm.so+0x7eebff]  SystemDictionary::load_instance_class(symbolHandle, Handle, Thread*)+0xef
V  [libjvm.so+0x7ecbe5]  SystemDictionary::resolve_instance_class_or_null(symbolHandle, Handle, Handle, Thread*)+0x575
V  [libjvm.so+0x7eb971]  SystemDictionary::resolve_or_null(symbolHandle, Handle, Handle, Thread*)+0x81
V  [libjvm.so+0x7eb584]  SystemDictionary::resolve_or_fail(symbolHandle, Handle, Handle, bool, Thread*)+0x34
V  [libjvm.so+0x7f0400]  SystemDictionary::initialize_wk_klass(SystemDictionary::WKID, int, Thread*)+0x70
V  [libjvm.so+0x7f0495]  SystemDictionary::initialize_wk_klasses_until(SystemDictionary::WKID, SystemDictionary::WKID&, Thread*)+0x45
V  [libjvm.so+0x7f0575]  SystemDictionary::initialize_preloaded_classes(Thread*)+0x75
V  [libjvm.so+0x7f0328]  SystemDictionary::initialize(Thread*)+0xd8
V  [libjvm.so+0x837cf8]  Universe::genesis(Thread*)+0x598
V  [libjvm.so+0x839c29]  universe2_init()+0x29
V  [libjvm.so+0x4ae42c]  init_globals()+0x8c
V  [libjvm.so+0x820014]  Threads::create_vm(JavaVMInitArgs*, bool*)+0x214
V  [libjvm.so+0x51c800]  JNI_CreateJavaVM+0x80


---------------  P R O C E S S  ---------------

Java Threads: ( => current thread )

Other Threads:

=>0x00007f15c0007800 (exited) JavaThread "Unknown thread" [_thread_in_vm, id=16598, stack(0x00007f15c5556000,0x00007f15c5657000)]

VM state:not at safepoint (not fully initialized)

VM Mutex/Monitor currently owned by a thread: None

Dynamic libraries:
40000000-40009000 r-xp 00000000 08:03 4992830                            /usr/lib/jvm/java-6-oracle/bin/java
40108000-4010a000 rwxp 00008000 08:03 4992830                            /usr/lib/jvm/java-6-oracle/bin/java
41fc3000-41fe4000 rwxp 00000000 00:00 0                                  [heap]
be400000-bf8c0000 rwxp 00000000 00:00 0 
bf8c0000-c3600000 rwxp 00000000 00:00 0 
c3600000-c5e70000 rwxp 00000000 00:00 0 
c5e70000-ebcb0000 rwxp 00000000 00:00 0 
ebcb0000-ed0e0000 rwxp 00000000 00:00 0 
ed0e0000-100000000 rwxp 00000000 00:00 0 
7f15b0000000-7f15b0021000 rwxp 00000000 00:00 0 
7f15b0021000-7f15b4000000 ---p 00000000 00:00 0 
7f15b8000000-7f15b8021000 rwxp 00000000 00:00 0 
7f15b8021000-7f15bc000000 ---p 00000000 00:00 0 
7f15bd000000-7f15bd270000 rwxp 00000000 00:00 0 
7f15bd270000-7f15c0089000 rwxp 00000000 00:00 0 
7f15c0089000-7f15c4000000 ---p 00000000 00:00 0 
7f15c4143000-7f15c421a000 r-xs 013fe000 08:03 398419                     /home/jyang4/adt-bundle/sdk/platforms/android-19/android.jar
7f15c421a000-7f15c4242000 rwxp 00000000 00:00 0 
7f15c4242000-7f15c4243000 ---p 00000000 00:00 0 
7f15c4243000-7f15c4343000 rwxp 00000000 00:00 0                          [stack:16600]
7f15c4343000-7f15c4344000 ---p 00000000 00:00 0 
7f15c4344000-7f15c444f000 rwxp 00000000 00:00 0                          [stack:16599]
7f15c444f000-7f15c446d000 rwxp 00000000 00:00 0 
7f15c446d000-7f15c4482000 rwxp 00000000 00:00 0 
7f15c4482000-7f15c45b1000 rwxp 00000000 00:00 0 
7f15c45b1000-7f15c45bc000 rwxp 00000000 00:00 0 
7f15c45bc000-7f15c45da000 rwxp 00000000 00:00 0 
7f15c45da000-7f15c45ef000 rwxp 00000000 00:00 0 
7f15c45ef000-7f15c471d000 rwxp 00000000 00:00 0 
7f15c471d000-7f15c4728000 rwxp 00000000 00:00 0 
7f15c4728000-7f15c47bf000 rwxp 00000000 00:00 0 
7f15c47bf000-7f15c47c0000 rwxp 00000000 00:00 0 
7f15c47c0000-7f15c47ce000 r-xp 00000000 08:03 7080114                    /usr/lib/jvm/java-6-oracle/jre/lib/amd64/libzip.so
7f15c47ce000-7f15c48d0000 ---p 0000e000 08:03 7080114                    /usr/lib/jvm/java-6-oracle/jre/lib/amd64/libzip.so
7f15c48d0000-7f15c48d3000 rwxp 00010000 08:03 7080114                    /usr/lib/jvm/java-6-oracle/jre/lib/amd64/libzip.so
7f15c48d3000-7f15c48d4000 rwxp 00000000 00:00 0 
7f15c48d4000-7f15c48e0000 r-xp 00000000 08:03 4587739                    /lib/x86_64-linux-gnu/libnss_files-2.15.so
7f15c48e0000-7f15c4adf000 ---p 0000c000 08:03 4587739                    /lib/x86_64-linux-gnu/libnss_files-2.15.so
7f15c4adf000-7f15c4ae0000 r-xp 0000b000 08:03 4587739                    /lib/x86_64-linux-gnu/libnss_files-2.15.so
7f15c4ae0000-7f15c4ae1000 rwxp 0000c000 08:03 4587739                    /lib/x86_64-linux-gnu/libnss_files-2.15.so
7f15c4ae1000-7f15c4aeb000 r-xp 00000000 08:03 4587743                    /lib/x86_64-linux-gnu/libnss_nis-2.15.so
7f15c4aeb000-7f15c4ceb000 ---p 0000a000 08:03 4587743                    /lib/x86_64-linux-gnu/libnss_nis-2.15.so
7f15c4ceb000-7f15c4cec000 r-xp 0000a000 08:03 4587743                    /lib/x86_64-linux-gnu/libnss_nis-2.15.so
7f15c4cec000-7f15c4ced000 rwxp 0000b000 08:03 4587743                    /lib/x86_64-linux-gnu/libnss_nis-2.15.so
7f15c4ced000-7f15c4cf5000 r-xp 00000000 08:03 4587737                    /lib/x86_64-linux-gnu/libnss_compat-2.15.so
7f15c4cf5000-7f15c4ef4000 ---p 00008000 08:03 4587737                    /lib/x86_64-linux-gnu/libnss_compat-2.15.so
7f15c4ef4000-7f15c4ef5000 r-xp 00007000 08:03 4587737                    /lib/x86_64-linux-gnu/libnss_compat-2.15.so
7f15c4ef5000-7f15c4ef6000 rwxp 00008000 08:03 4587737                    /lib/x86_64-linux-gnu/libnss_compat-2.15.so
7f15c4ef6000-7f15c4f0d000 r-xp 00000000 08:03 4587755                    /lib/x86_64-linux-gnu/libnsl-2.15.so
7f15c4f0d000-7f15c510c000 ---p 00017000 08:03 4587755                    /lib/x86_64-linux-gnu/libnsl-2.15.so
7f15c510c000-7f15c510d000 r-xp 00016000 08:03 4587755                    /lib/x86_64-linux-gnu/libnsl-2.15.so
7f15c510d000-7f15c510e000 rwxp 00017000 08:03 4587755                    /lib/x86_64-linux-gnu/libnsl-2.15.so
7f15c510e000-7f15c5110000 rwxp 00000000 00:00 0 
7f15c5110000-7f15c5139000 r-xp 00000000 08:03 7080120                    /usr/lib/jvm/java-6-oracle/jre/lib/amd64/libjava.so
7f15c5139000-7f15c5238000 ---p 00029000 08:03 7080120                    /usr/lib/jvm/java-6-oracle/jre/lib/amd64/libjava.so
7f15c5238000-7f15c523f000 rwxp 00028000 08:03 7080120                    /usr/lib/jvm/java-6-oracle/jre/lib/amd64/libjava.so
7f15c523f000-7f15c524c000 r-xp 00000000 08:03 7080110                    /usr/lib/jvm/java-6-oracle/jre/lib/amd64/libverify.so
7f15c524c000-7f15c534b000 ---p 0000d000 08:03 7080110                    /usr/lib/jvm/java-6-oracle/jre/lib/amd64/libverify.so
7f15c534b000-7f15c534e000 rwxp 0000c000 08:03 7080110                    /usr/lib/jvm/java-6-oracle/jre/lib/amd64/libverify.so
7f15c534e000-7f15c5355000 r-xp 00000000 08:03 4587742                    /lib/x86_64-linux-gnu/librt-2.15.so
7f15c5355000-7f15c5554000 ---p 00007000 08:03 4587742                    /lib/x86_64-linux-gnu/librt-2.15.so
7f15c5554000-7f15c5555000 r-xp 00006000 08:03 4587742                    /lib/x86_64-linux-gnu/librt-2.15.so
7f15c5555000-7f15c5556000 rwxp 00007000 08:03 4587742                    /lib/x86_64-linux-gnu/librt-2.15.so
7f15c5556000-7f15c5559000 ---p 00000000 00:00 0 
7f15c5559000-7f15c5657000 rwxp 00000000 00:00 0                          [stack:16598]
7f15c5657000-7f15c5752000 r-xp 00000000 08:03 4587746                    /lib/x86_64-linux-gnu/libm-2.15.so
7f15c5752000-7f15c5951000 ---p 000fb000 08:03 4587746                    /lib/x86_64-linux-gnu/libm-2.15.so
7f15c5951000-7f15c5952000 r-xp 000fa000 08:03 4587746                    /lib/x86_64-linux-gnu/libm-2.15.so
7f15c5952000-7f15c5953000 rwxp 000fb000 08:03 4587746                    /lib/x86_64-linux-gnu/libm-2.15.so
7f15c5953000-7f15c6271000 r-xp 00000000 08:03 7080087                    /usr/lib/jvm/java-6-oracle/jre/lib/amd64/server/libjvm.so
7f15c6271000-7f15c6373000 ---p 0091e000 08:03 7080087                    /usr/lib/jvm/java-6-oracle/jre/lib/amd64/server/libjvm.so
7f15c6373000-7f15c6529000 rwxp 00920000 08:03 7080087                    /usr/lib/jvm/java-6-oracle/jre/lib/amd64/server/libjvm.so
7f15c6529000-7f15c6563000 rwxp 00000000 00:00 0 
7f15c6563000-7f15c6718000 r-xp 00000000 08:03 4587735                    /lib/x86_64-linux-gnu/libc-2.15.so
7f15c6718000-7f15c6918000 ---p 001b5000 08:03 4587735                    /lib/x86_64-linux-gnu/libc-2.15.so
7f15c6918000-7f15c691c000 r-xp 001b5000 08:03 4587735                    /lib/x86_64-linux-gnu/libc-2.15.so
7f15c691c000-7f15c691e000 rwxp 001b9000 08:03 4587735                    /lib/x86_64-linux-gnu/libc-2.15.so
7f15c691e000-7f15c6923000 rwxp 00000000 00:00 0 
7f15c6923000-7f15c6925000 r-xp 00000000 08:03 4587750                    /lib/x86_64-linux-gnu/libdl-2.15.so
7f15c6925000-7f15c6b25000 ---p 00002000 08:03 4587750                    /lib/x86_64-linux-gnu/libdl-2.15.so
7f15c6b25000-7f15c6b26000 r-xp 00002000 08:03 4587750                    /lib/x86_64-linux-gnu/libdl-2.15.so
7f15c6b26000-7f15c6b27000 rwxp 00003000 08:03 4587750                    /lib/x86_64-linux-gnu/libdl-2.15.so
7f15c6b27000-7f15c6b3f000 r-xp 00000000 08:03 4587744                    /lib/x86_64-linux-gnu/libpthread-2.15.so
7f15c6b3f000-7f15c6d3e000 ---p 00018000 08:03 4587744                    /lib/x86_64-linux-gnu/libpthread-2.15.so
7f15c6d3e000-7f15c6d3f000 r-xp 00017000 08:03 4587744                    /lib/x86_64-linux-gnu/libpthread-2.15.so
7f15c6d3f000-7f15c6d40000 rwxp 00018000 08:03 4587744                    /lib/x86_64-linux-gnu/libpthread-2.15.so
7f15c6d40000-7f15c6d44000 rwxp 00000000 00:00 0 
7f15c6d44000-7f15c6d66000 r-xp 00000000 08:03 4587747                    /lib/x86_64-linux-gnu/ld-2.15.so
7f15c6d81000-7f15c6d8b000 rwxp 00000000 00:00 0 
7f15c6d8b000-7f15c6e41000 rwxp 00000000 00:00 0 
7f15c6e41000-7f15c6e44000 rwxp 00000000 00:00 0 
7f15c6e44000-7f15c6e4b000 r-xp 00000000 08:03 7080094                    /usr/lib/jvm/java-6-oracle/jre/lib/amd64/jli/libjli.so
7f15c6e4b000-7f15c6f4c000 ---p 00007000 08:03 7080094                    /usr/lib/jvm/java-6-oracle/jre/lib/amd64/jli/libjli.so
7f15c6f4c000-7f15c6f4e000 rwxp 00008000 08:03 7080094                    /usr/lib/jvm/java-6-oracle/jre/lib/amd64/jli/libjli.so
7f15c6f4e000-7f15c6f4f000 rwxp 00000000 00:00 0 
7f15c6f5a000-7f15c6f62000 rwxs 00000000 08:03 2122115                    /tmp/hsperfdata_jyang4/16593
7f15c6f62000-7f15c6f63000 rwxp 00000000 00:00 0 
7f15c6f63000-7f15c6f64000 r-xp 00000000 00:00 0 
7f15c6f64000-7f15c6f66000 rwxp 00000000 00:00 0 
7f15c6f66000-7f15c6f67000 r-xp 00022000 08:03 4587747                    /lib/x86_64-linux-gnu/ld-2.15.so
7f15c6f67000-7f15c6f69000 rwxp 00023000 08:03 4587747                    /lib/x86_64-linux-gnu/ld-2.15.so
7fffd5b81000-7fffd5ba2000 rwxp 00000000 00:00 0                          [stack]
7fffd5bff000-7fffd5c00000 r-xp 00000000 00:00 0                          [vdso]
ffffffffff600000-ffffffffff601000 r-xp 00000000 00:00 0                  [vsyscall]

VM Arguments:
jvm_args: -Dfile.encoding=UTF-8 -Xbootclasspath:/home/jyang4/adt-bundle/sdk/platforms/android-19/android.jar 
java_command: com.example.emulator.EmulatorService
Launcher Type: SUN_STANDARD

Environment Variables:
PATH=/home/jyang4/bin:/usr/lib/lightdm/lightdm:/usr/local/sbin:/usr/local/bin:/usr/sbin:/usr/bin:/sbin:/bin:/usr/games
LD_LIBRARY_PATH=/usr/lib/jvm/java-6-oracle/jre/lib/amd64/server:/usr/lib/jvm/java-6-oracle/jre/lib/amd64:/usr/lib/jvm/java-6-oracle/jre/../lib/amd64
SHELL=/bin/bash
DISPLAY=:0

Signal Handlers:
SIGSEGV: [libjvm.so+0x862a30], sa_mask[0]=0x7ffbfeff, sa_flags=0x10000004
SIGBUS: [libjvm.so+0x862a30], sa_mask[0]=0x7ffbfeff, sa_flags=0x10000004
SIGFPE: [libjvm.so+0x7106f0], sa_mask[0]=0x7ffbfeff, sa_flags=0x10000004
SIGPIPE: [libjvm.so+0x7106f0], sa_mask[0]=0x7ffbfeff, sa_flags=0x10000004
SIGXFSZ: [libjvm.so+0x7106f0], sa_mask[0]=0x7ffbfeff, sa_flags=0x10000004
SIGILL: [libjvm.so+0x7106f0], sa_mask[0]=0x7ffbfeff, sa_flags=0x10000004
SIGUSR1: SIG_DFL, sa_mask[0]=0x00000000, sa_flags=0x00000000
SIGUSR2: [libjvm.so+0x713520], sa_mask[0]=0x00000004, sa_flags=0x10000004
SIGHUP: SIG_DFL, sa_mask[0]=0x00000000, sa_flags=0x00000000
SIGINT: SIG_DFL, sa_mask[0]=0x00000000, sa_flags=0x00000000
SIGTERM: SIG_DFL, sa_mask[0]=0x00000000, sa_flags=0x00000000
SIGQUIT: SIG_DFL, sa_mask[0]=0x00000000, sa_flags=0x00000000


---------------  S Y S T E M  ---------------

OS:wheezy/sid

uname:Linux 3.5.0-46-generic #70~precise1-Ubuntu SMP Thu Jan 9 23:55:12 UTC 2014 x86_64
libc:glibc 2.15 NPTL 2.15 
rlimit: STACK 8192k, CORE 0k, NPROC 30885, NOFILE 4096, AS infinity
load average:0.70 1.09 0.78

/proc/meminfo:
MemTotal:        3971976 kB
MemFree:          983748 kB
Buffers:            9648 kB
Cached:           639936 kB
SwapCached:        75740 kB
Active:          1773428 kB
Inactive:         902476 kB
Active(anon):    1377040 kB
Inactive(anon):   658912 kB
Active(file):     396388 kB
Inactive(file):   243564 kB
Unevictable:           0 kB
Mlocked:               0 kB
SwapTotal:       7999484 kB
SwapFree:        7505536 kB
Dirty:               124 kB
Writeback:             0 kB
AnonPages:       1986580 kB
Mapped:           115068 kB
Shmem:              9512 kB
Slab:              85224 kB
SReclaimable:      50212 kB
SUnreclaim:        35012 kB
KernelStack:        3856 kB
PageTables:        34616 kB
NFS_Unstable:          0 kB
Bounce:                0 kB
WritebackTmp:          0 kB
CommitLimit:     9985472 kB
Committed_AS:    5226092 kB
VmallocTotal:   34359738367 kB
VmallocUsed:      132276 kB
VmallocChunk:   34359601083 kB
HardwareCorrupted:     0 kB
AnonHugePages:         0 kB
HugePages_Total:       0
HugePages_Free:        0
HugePages_Rsvd:        0
HugePages_Surp:        0
Hugepagesize:       2048 kB
DirectMap4k:      727340 kB
DirectMap2M:     3389440 kB


CPU:total 2 (2 cores per cpu, 1 threads per core) family 6 model 23 stepping 10, cmov, cx8, fxsr, mmx, sse, sse2, sse3, ssse3, sse4.1

/proc/cpuinfo:
processor	: 0
vendor_id	: GenuineIntel
cpu family	: 6
model		: 23
model name	: Intel(R) Core(TM)2 Duo CPU     P9700  @ 2.80GHz
stepping	: 10
microcode	: 0xa07
cpu MHz		: 2134.000
cache size	: 6144 KB
physical id	: 0
siblings	: 2
core id		: 0
cpu cores	: 2
apicid		: 0
initial apicid	: 0
fpu		: yes
fpu_exception	: yes
cpuid level	: 13
wp		: yes
flags		: fpu vme de pse tsc msr pae mce cx8 apic sep mtrr pge mca cmov pat pse36 clflush dts acpi mmx fxsr sse sse2 ss ht tm pbe syscall nx lm constant_tsc arch_perfmon pebs bts rep_good nopl aperfmperf pni dtes64 monitor ds_cpl vmx smx est tm2 ssse3 cx16 xtpr pdcm sse4_1 xsave lahf_lm ida dtherm tpr_shadow vnmi flexpriority
bogomips	: 5586.25
clflush size	: 64
cache_alignment	: 64
address sizes	: 36 bits physical, 48 bits virtual
power management:

processor	: 1
vendor_id	: GenuineIntel
cpu family	: 6
model		: 23
model name	: Intel(R) Core(TM)2 Duo CPU     P9700  @ 2.80GHz
stepping	: 10
microcode	: 0xa07
cpu MHz		: 2801.000
cache size	: 6144 KB
physical id	: 0
siblings	: 2
core id		: 1
cpu cores	: 2
apicid		: 1
initial apicid	: 1
fpu		: yes
fpu_exception	: yes
cpuid level	: 13
wp		: yes
flags		: fpu vme de pse tsc msr pae mce cx8 apic sep mtrr pge mca cmov pat pse36 clflush dts acpi mmx fxsr sse sse2 ss ht tm pbe syscall nx lm constant_tsc arch_perfmon pebs bts rep_good nopl aperfmperf pni dtes64 monitor ds_cpl vmx smx est tm2 ssse3 cx16 xtpr pdcm sse4_1 xsave lahf_lm ida dtherm tpr_shadow vnmi flexpriority
bogomips	: 5586.25
clflush size	: 64
cache_alignment	: 64
address sizes	: 36 bits physical, 48 bits virtual
power management:



Memory: 4k page, physical 3971976k(983748k free), swap 7999484k(7505536k free)

vm_info: Java HotSpot(TM) 64-Bit Server VM (20.45-b01) for linux-amd64 JRE (1.6.0_45-b06), built on Mar 26 2013 14:07:02 by "java_re" with gcc 3.2.2 (SuSE Linux)

time: Fri Feb 21 20:08:39 2014
elapsed time: 0 seconds

